Final Fight UPDATED
UPDATE TO High Score - VALUE 1000000
Name: Final Fight
High Score: 1000000
Initials: HGR
Plays: 1216
Revenue: $304.00

Area 51 UPDATED
UPDATE TO Plays - VALUE 25
Name: Area 51
High Score: 528462990
Initials: ALN
Plays: 25
Revenue: $12.50

Star Wars UPDATED
UPDATE TO Initials - VALUE VDR
Name: Star Wars
High Score: 83750900
Initials: VDR
Plays: 1235
Revenue: $308.75

RECORD NOT FOUND

Double Dragon UPDATED
UPDATE TO High Score - VALUE 100
Name: Double Dragon
High Score: 100
Initials: ABC
Plays: 6300
Revenue: $1575.00

Tempest UPDATED
UPDATE TO Initials - VALUE TOO
Name: Tempest
High Score: 4230500
Initials: TOO
Plays: 300
Revenue: $75.00

Dig Dug UPDATED
UPDATE TO Plays - VALUE 123
Name: Dig Dug
High Score: 16239700
Initials: 3$w
Plays: 123
Revenue: $61.50

